2013-02-23 17:43:40,477 [14] NHibernate.AdoNet.AbstractBatcher - Could not execute query: select shelldescr0_.Id as Id789_, shelldescr0_.SerialNumber as SerialNu2_789_ from SETTINGS_SHELLDESCRIPTORRECORD shelldescr0_ where shelldescr0_.Id is not null
System.Data.OracleClient.OracleException (0x80131938): ORA-00942: 表或视图不存在

   在 System.Data.OracleClient.OracleConnection.CheckError(OciErrorHandle errorHandle, Int32 rc)
   在 System.Data.OracleClient.OracleCommand.Execute(OciStatementHandle statementHandle, CommandBehavior behavior, Boolean needRowid, OciRowidDescriptor& rowidDescriptor, ArrayList& resultParameterOrdinals)
   在 System.Data.OracleClient.OracleCommand.Execute(OciStatementHandle statementHandle, CommandBehavior behavior, ArrayList& resultParameterOrdinals)
   在 System.Data.OracleClient.OracleCommand.ExecuteReader(CommandBehavior behavior)
   在 System.Data.OracleClient.OracleCommand.ExecuteDbDataReader(CommandBehavior behavior)
   在 System.Data.Common.DbCommand.System.Data.IDbCommand.ExecuteReader()
   在 NHibernate.AdoNet.AbstractBatcher.ExecuteReader(IDbCommand cmd)
2013-02-23 17:43:40,512 [14] NHibernate.Util.ADOExceptionReporter - System.Data.OracleClient.OracleException (0x80131938): ORA-00942: 表或视图不存在

   在 System.Data.OracleClient.OracleConnection.CheckError(OciErrorHandle errorHandle, Int32 rc)
   在 System.Data.OracleClient.OracleCommand.Execute(OciStatementHandle statementHandle, CommandBehavior behavior, Boolean needRowid, OciRowidDescriptor& rowidDescriptor, ArrayList& resultParameterOrdinals)
   在 System.Data.OracleClient.OracleCommand.Execute(OciStatementHandle statementHandle, CommandBehavior behavior, ArrayList& resultParameterOrdinals)
   在 System.Data.OracleClient.OracleCommand.ExecuteReader(CommandBehavior behavior)
   在 System.Data.OracleClient.OracleCommand.ExecuteDbDataReader(CommandBehavior behavior)
   在 System.Data.Common.DbCommand.System.Data.IDbCommand.ExecuteReader()
   在 NHibernate.AdoNet.AbstractBatcher.ExecuteReader(IDbCommand cmd)
   在 NHibernate.Loader.Loader.GetResultSet(IDbCommand st, Boolean autoDiscoverTypes, Boolean callable, RowSelection selection, ISessionImplementor session)
2013-02-23 17:43:40,513 [14] NHibernate.Util.ADOExceptionReporter - ORA-00942: 表或视图不存在

2013-02-23 17:43:40,535 [14] NHibernate.Util.ADOExceptionReporter - System.Data.OracleClient.OracleException (0x80131938): ORA-00942: 表或视图不存在

   在 System.Data.OracleClient.OracleConnection.CheckError(OciErrorHandle errorHandle, Int32 rc)
   在 System.Data.OracleClient.OracleCommand.Execute(OciStatementHandle statementHandle, CommandBehavior behavior, Boolean needRowid, OciRowidDescriptor& rowidDescriptor, ArrayList& resultParameterOrdinals)
   在 System.Data.OracleClient.OracleCommand.Execute(OciStatementHandle statementHandle, CommandBehavior behavior, ArrayList& resultParameterOrdinals)
   在 System.Data.OracleClient.OracleCommand.ExecuteReader(CommandBehavior behavior)
   在 System.Data.OracleClient.OracleCommand.ExecuteDbDataReader(CommandBehavior behavior)
   在 System.Data.Common.DbCommand.System.Data.IDbCommand.ExecuteReader()
   在 NHibernate.AdoNet.AbstractBatcher.ExecuteReader(IDbCommand cmd)
   在 NHibernate.Loader.Loader.GetResultSet(IDbCommand st, Boolean autoDiscoverTypes, Boolean callable, RowSelection selection, ISessionImplementor session)
   在 NHibernate.Loader.Loader.DoQuery(ISessionImplementor session, QueryParameters queryParameters, Boolean returnProxies)
   在 NHibernate.Loader.Loader.DoQueryAndInitializeNonLazyCollections(ISessionImplementor session, QueryParameters queryParameters, Boolean returnProxies)
   在 NHibernate.Loader.Loader.DoList(ISessionImplementor session, QueryParameters queryParameters)
2013-02-23 17:43:40,536 [14] NHibernate.Util.ADOExceptionReporter - ORA-00942: 表或视图不存在

2013-02-23 17:43:40,538 [14] NHibernate.Util.ADOExceptionReporter - System.Data.OracleClient.OracleException (0x80131938): ORA-00942: 表或视图不存在

   在 System.Data.OracleClient.OracleConnection.CheckError(OciErrorHandle errorHandle, Int32 rc)
   在 System.Data.OracleClient.OracleCommand.Execute(OciStatementHandle statementHandle, CommandBehavior behavior, Boolean needRowid, OciRowidDescriptor& rowidDescriptor, ArrayList& resultParameterOrdinals)
   在 System.Data.OracleClient.OracleCommand.Execute(OciStatementHandle statementHandle, CommandBehavior behavior, ArrayList& resultParameterOrdinals)
   在 System.Data.OracleClient.OracleCommand.ExecuteReader(CommandBehavior behavior)
   在 System.Data.OracleClient.OracleCommand.ExecuteDbDataReader(CommandBehavior behavior)
   在 System.Data.Common.DbCommand.System.Data.IDbCommand.ExecuteReader()
   在 NHibernate.AdoNet.AbstractBatcher.ExecuteReader(IDbCommand cmd)
   在 NHibernate.Loader.Loader.GetResultSet(IDbCommand st, Boolean autoDiscoverTypes, Boolean callable, RowSelection selection, ISessionImplementor session)
   在 NHibernate.Loader.Loader.DoQuery(ISessionImplementor session, QueryParameters queryParameters, Boolean returnProxies)
   在 NHibernate.Loader.Loader.DoQueryAndInitializeNonLazyCollections(ISessionImplementor session, QueryParameters queryParameters, Boolean returnProxies)
   在 NHibernate.Loader.Loader.DoList(ISessionImplementor session, QueryParameters queryParameters)
2013-02-23 17:43:40,539 [14] NHibernate.Util.ADOExceptionReporter - ORA-00942: 表或视图不存在

2013-02-23 17:43:40,679 [14] Orchard.Environment.DefaultOrchardHost - A tenant could not be started: Default
NHibernate.Exceptions.GenericADOException: could not execute query
[ select shelldescr0_.Id as Id789_, shelldescr0_.SerialNumber as SerialNu2_789_ from SETTINGS_SHELLDESCRIPTORRECORD shelldescr0_ where shelldescr0_.Id is not null ]
[SQL: select shelldescr0_.Id as Id789_, shelldescr0_.SerialNumber as SerialNu2_789_ from SETTINGS_SHELLDESCRIPTORRECORD shelldescr0_ where shelldescr0_.Id is not null] ---> System.Data.OracleClient.OracleException: ORA-00942: 表或视图不存在

   在 System.Data.OracleClient.OracleConnection.CheckError(OciErrorHandle errorHandle, Int32 rc)
   在 System.Data.OracleClient.OracleCommand.Execute(OciStatementHandle statementHandle, CommandBehavior behavior, Boolean needRowid, OciRowidDescriptor& rowidDescriptor, ArrayList& resultParameterOrdinals)
   在 System.Data.OracleClient.OracleCommand.Execute(OciStatementHandle statementHandle, CommandBehavior behavior, ArrayList& resultParameterOrdinals)
   在 System.Data.OracleClient.OracleCommand.ExecuteReader(CommandBehavior behavior)
   在 System.Data.OracleClient.OracleCommand.ExecuteDbDataReader(CommandBehavior behavior)
   在 System.Data.Common.DbCommand.System.Data.IDbCommand.ExecuteReader()
   在 NHibernate.AdoNet.AbstractBatcher.ExecuteReader(IDbCommand cmd)
   在 NHibernate.Loader.Loader.GetResultSet(IDbCommand st, Boolean autoDiscoverTypes, Boolean callable, RowSelection selection, ISessionImplementor session)
   在 NHibernate.Loader.Loader.DoQuery(ISessionImplementor session, QueryParameters queryParameters, Boolean returnProxies)
   在 NHibernate.Loader.Loader.DoQueryAndInitializeNonLazyCollections(ISessionImplementor session, QueryParameters queryParameters, Boolean returnProxies)
   在 NHibernate.Loader.Loader.DoList(ISessionImplementor session, QueryParameters queryParameters)
   --- 内部异常堆栈跟踪的结尾 ---
   在 NHibernate.Loader.Loader.DoList(ISessionImplementor session, QueryParameters queryParameters)
   在 NHibernate.Loader.Loader.ListIgnoreQueryCache(ISessionImplementor session, QueryParameters queryParameters)
   在 NHibernate.Loader.Loader.List(ISessionImplementor session, QueryParameters queryParameters, ISet`1 querySpaces, IType[] resultTypes)
   在 NHibernate.Hql.Ast.ANTLR.Loader.QueryLoader.List(ISessionImplementor session, QueryParameters queryParameters)
   在 NHibernate.Hql.Ast.ANTLR.QueryTranslatorImpl.List(ISessionImplementor session, QueryParameters queryParameters)
   在 NHibernate.Engine.Query.HQLQueryPlan.PerformList(QueryParameters queryParameters, ISessionImplementor session, IList results)
   在 NHibernate.Impl.SessionImpl.List(IQueryExpression queryExpression, QueryParameters queryParameters, IList results)
   在 NHibernate.Impl.AbstractSessionImpl.List(IQueryExpression queryExpression, QueryParameters parameters)
   在 NHibernate.Impl.ExpressionQueryImpl.List()
   在 NHibernate.Linq.DefaultQueryProvider.ExecuteQuery(NhLinqExpression nhLinqExpression, IQuery query, NhLinqExpression nhQuery)
   在 NHibernate.Linq.DefaultQueryProvider.Execute(Expression expression)
   在 NHibernate.Linq.DefaultQueryProvider.Execute[TResult](Expression expression)
   在 System.Linq.Queryable.SingleOrDefault[TSource](IQueryable`1 source)
   在 Orchard.Data.Repository`1.Get(Expression`1 predicate) 位置 e:\Orchard\Orchard改Oracle\src\Orchard\Data\Repository.cs:行号 91
   在 Orchard.Data.Repository`1.Orchard.Data.IRepository<T>.Get(Expression`1 predicate) 位置 e:\Orchard\Orchard改Oracle\src\Orchard\Data\Repository.cs:行号 60
   在 Orchard.Core.Settings.Descriptor.ShellDescriptorManager.GetDescriptorRecord() 位置 e:\Orchard\Orchard改Oracle\src\Orchard.Web\Core\Settings\Descriptor\ShellDescriptorManager.cs:行号 57
   在 Orchard.Core.Settings.Descriptor.ShellDescriptorManager.GetShellDescriptor() 位置 e:\Orchard\Orchard改Oracle\src\Orchard.Web\Core\Settings\Descriptor\ShellDescriptorManager.cs:行号 30
   在 Orchard.Environment.ShellBuilders.ShellContextFactory.CreateShellContext(ShellSettings settings) 位置 e:\Orchard\Orchard改Oracle\src\Orchard\Environment\ShellBuilders\ShellContextFactory.cs:行号 66
   在 Orchard.Environment.DefaultOrchardHost.CreateShellContext(ShellSettings settings) 位置 e:\Orchard\Orchard改Oracle\src\Orchard\Environment\DefaultOrchardHost.cs:行号 174
   在 Orchard.Environment.DefaultOrchardHost.CreateAndActivateShells() 位置 e:\Orchard\Orchard改Oracle\src\Orchard\Environment\DefaultOrchardHost.cs:行号 134
2013-02-23 17:43:41,178 [14] NHibernate.AdoNet.AbstractBatcher - Could not execute query: select shelldescr0_.Id as Id789_, shelldescr0_.SerialNumber as SerialNu2_789_ from SETTINGS_SHELLDESCRIPTORRECORD shelldescr0_ where shelldescr0_.Id is not null
System.Data.OracleClient.OracleException (0x80131938): ORA-00942: 表或视图不存在

   在 System.Data.OracleClient.OracleConnection.CheckError(OciErrorHandle errorHandle, Int32 rc)
   在 System.Data.OracleClient.OracleCommand.Execute(OciStatementHandle statementHandle, CommandBehavior behavior, Boolean needRowid, OciRowidDescriptor& rowidDescriptor, ArrayList& resultParameterOrdinals)
   在 System.Data.OracleClient.OracleCommand.Execute(OciStatementHandle statementHandle, CommandBehavior behavior, ArrayList& resultParameterOrdinals)
   在 System.Data.OracleClient.OracleCommand.ExecuteReader(CommandBehavior behavior)
   在 System.Data.OracleClient.OracleCommand.ExecuteDbDataReader(CommandBehavior behavior)
   在 System.Data.Common.DbCommand.System.Data.IDbCommand.ExecuteReader()
   在 NHibernate.AdoNet.AbstractBatcher.ExecuteReader(IDbCommand cmd)
2013-02-23 17:43:41,207 [14] NHibernate.Util.ADOExceptionReporter - System.Data.OracleClient.OracleException (0x80131938): ORA-00942: 表或视图不存在

   在 System.Data.OracleClient.OracleConnection.CheckError(OciErrorHandle errorHandle, Int32 rc)
   在 System.Data.OracleClient.OracleCommand.Execute(OciStatementHandle statementHandle, CommandBehavior behavior, Boolean needRowid, OciRowidDescriptor& rowidDescriptor, ArrayList& resultParameterOrdinals)
   在 System.Data.OracleClient.OracleCommand.Execute(OciStatementHandle statementHandle, CommandBehavior behavior, ArrayList& resultParameterOrdinals)
   在 System.Data.OracleClient.OracleCommand.ExecuteReader(CommandBehavior behavior)
   在 System.Data.OracleClient.OracleCommand.ExecuteDbDataReader(CommandBehavior behavior)
   在 System.Data.Common.DbCommand.System.Data.IDbCommand.ExecuteReader()
   在 NHibernate.AdoNet.AbstractBatcher.ExecuteReader(IDbCommand cmd)
   在 NHibernate.Loader.Loader.GetResultSet(IDbCommand st, Boolean autoDiscoverTypes, Boolean callable, RowSelection selection, ISessionImplementor session)
2013-02-23 17:43:41,209 [14] NHibernate.Util.ADOExceptionReporter - ORA-00942: 表或视图不存在

2013-02-23 17:43:41,229 [14] NHibernate.Util.ADOExceptionReporter - System.Data.OracleClient.OracleException (0x80131938): ORA-00942: 表或视图不存在

   在 System.Data.OracleClient.OracleConnection.CheckError(OciErrorHandle errorHandle, Int32 rc)
   在 System.Data.OracleClient.OracleCommand.Execute(OciStatementHandle statementHandle, CommandBehavior behavior, Boolean needRowid, OciRowidDescriptor& rowidDescriptor, ArrayList& resultParameterOrdinals)
   在 System.Data.OracleClient.OracleCommand.Execute(OciStatementHandle statementHandle, CommandBehavior behavior, ArrayList& resultParameterOrdinals)
   在 System.Data.OracleClient.OracleCommand.ExecuteReader(CommandBehavior behavior)
   在 System.Data.OracleClient.OracleCommand.ExecuteDbDataReader(CommandBehavior behavior)
   在 System.Data.Common.DbCommand.System.Data.IDbCommand.ExecuteReader()
   在 NHibernate.AdoNet.AbstractBatcher.ExecuteReader(IDbCommand cmd)
   在 NHibernate.Loader.Loader.GetResultSet(IDbCommand st, Boolean autoDiscoverTypes, Boolean callable, RowSelection selection, ISessionImplementor session)
   在 NHibernate.Loader.Loader.DoQuery(ISessionImplementor session, QueryParameters queryParameters, Boolean returnProxies)
   在 NHibernate.Loader.Loader.DoQueryAndInitializeNonLazyCollections(ISessionImplementor session, QueryParameters queryParameters, Boolean returnProxies)
   在 NHibernate.Loader.Loader.DoList(ISessionImplementor session, QueryParameters queryParameters)
2013-02-23 17:43:41,230 [14] NHibernate.Util.ADOExceptionReporter - ORA-00942: 表或视图不存在

2013-02-23 17:43:41,231 [14] NHibernate.Util.ADOExceptionReporter - System.Data.OracleClient.OracleException (0x80131938): ORA-00942: 表或视图不存在

   在 System.Data.OracleClient.OracleConnection.CheckError(OciErrorHandle errorHandle, Int32 rc)
   在 System.Data.OracleClient.OracleCommand.Execute(OciStatementHandle statementHandle, CommandBehavior behavior, Boolean needRowid, OciRowidDescriptor& rowidDescriptor, ArrayList& resultParameterOrdinals)
   在 System.Data.OracleClient.OracleCommand.Execute(OciStatementHandle statementHandle, CommandBehavior behavior, ArrayList& resultParameterOrdinals)
   在 System.Data.OracleClient.OracleCommand.ExecuteReader(CommandBehavior behavior)
   在 System.Data.OracleClient.OracleCommand.ExecuteDbDataReader(CommandBehavior behavior)
   在 System.Data.Common.DbCommand.System.Data.IDbCommand.ExecuteReader()
   在 NHibernate.AdoNet.AbstractBatcher.ExecuteReader(IDbCommand cmd)
   在 NHibernate.Loader.Loader.GetResultSet(IDbCommand st, Boolean autoDiscoverTypes, Boolean callable, RowSelection selection, ISessionImplementor session)
   在 NHibernate.Loader.Loader.DoQuery(ISessionImplementor session, QueryParameters queryParameters, Boolean returnProxies)
   在 NHibernate.Loader.Loader.DoQueryAndInitializeNonLazyCollections(ISessionImplementor session, QueryParameters queryParameters, Boolean returnProxies)
   在 NHibernate.Loader.Loader.DoList(ISessionImplementor session, QueryParameters queryParameters)
2013-02-23 17:43:41,232 [14] NHibernate.Util.ADOExceptionReporter - ORA-00942: 表或视图不存在

2013-02-23 17:43:41,273 [14] Orchard.Environment.DefaultOrchardHost - A tenant could not be started: Default
NHibernate.Exceptions.GenericADOException: could not execute query
[ select shelldescr0_.Id as Id789_, shelldescr0_.SerialNumber as SerialNu2_789_ from SETTINGS_SHELLDESCRIPTORRECORD shelldescr0_ where shelldescr0_.Id is not null ]
[SQL: select shelldescr0_.Id as Id789_, shelldescr0_.SerialNumber as SerialNu2_789_ from SETTINGS_SHELLDESCRIPTORRECORD shelldescr0_ where shelldescr0_.Id is not null] ---> System.Data.OracleClient.OracleException: ORA-00942: 表或视图不存在

   在 System.Data.OracleClient.OracleConnection.CheckError(OciErrorHandle errorHandle, Int32 rc)
   在 System.Data.OracleClient.OracleCommand.Execute(OciStatementHandle statementHandle, CommandBehavior behavior, Boolean needRowid, OciRowidDescriptor& rowidDescriptor, ArrayList& resultParameterOrdinals)
   在 System.Data.OracleClient.OracleCommand.Execute(OciStatementHandle statementHandle, CommandBehavior behavior, ArrayList& resultParameterOrdinals)
   在 System.Data.OracleClient.OracleCommand.ExecuteReader(CommandBehavior behavior)
   在 System.Data.OracleClient.OracleCommand.ExecuteDbDataReader(CommandBehavior behavior)
   在 System.Data.Common.DbCommand.System.Data.IDbCommand.ExecuteReader()
   在 NHibernate.AdoNet.AbstractBatcher.ExecuteReader(IDbCommand cmd)
   在 NHibernate.Loader.Loader.GetResultSet(IDbCommand st, Boolean autoDiscoverTypes, Boolean callable, RowSelection selection, ISessionImplementor session)
   在 NHibernate.Loader.Loader.DoQuery(ISessionImplementor session, QueryParameters queryParameters, Boolean returnProxies)
   在 NHibernate.Loader.Loader.DoQueryAndInitializeNonLazyCollections(ISessionImplementor session, QueryParameters queryParameters, Boolean returnProxies)
   在 NHibernate.Loader.Loader.DoList(ISessionImplementor session, QueryParameters queryParameters)
   --- 内部异常堆栈跟踪的结尾 ---
   在 NHibernate.Loader.Loader.DoList(ISessionImplementor session, QueryParameters queryParameters)
   在 NHibernate.Loader.Loader.ListIgnoreQueryCache(ISessionImplementor session, QueryParameters queryParameters)
   在 NHibernate.Loader.Loader.List(ISessionImplementor session, QueryParameters queryParameters, ISet`1 querySpaces, IType[] resultTypes)
   在 NHibernate.Hql.Ast.ANTLR.Loader.QueryLoader.List(ISessionImplementor session, QueryParameters queryParameters)
   在 NHibernate.Hql.Ast.ANTLR.QueryTranslatorImpl.List(ISessionImplementor session, QueryParameters queryParameters)
   在 NHibernate.Engine.Query.HQLQueryPlan.PerformList(QueryParameters queryParameters, ISessionImplementor session, IList results)
   在 NHibernate.Impl.SessionImpl.List(IQueryExpression queryExpression, QueryParameters queryParameters, IList results)
   在 NHibernate.Impl.AbstractSessionImpl.List(IQueryExpression queryExpression, QueryParameters parameters)
   在 NHibernate.Impl.ExpressionQueryImpl.List()
   在 NHibernate.Linq.DefaultQueryProvider.ExecuteQuery(NhLinqExpression nhLinqExpression, IQuery query, NhLinqExpression nhQuery)
   在 NHibernate.Linq.DefaultQueryProvider.Execute(Expression expression)
   在 NHibernate.Linq.DefaultQueryProvider.Execute[TResult](Expression expression)
   在 System.Linq.Queryable.SingleOrDefault[TSource](IQueryable`1 source)
   在 Orchard.Data.Repository`1.Get(Expression`1 predicate) 位置 e:\Orchard\Orchard改Oracle\src\Orchard\Data\Repository.cs:行号 91
   在 Orchard.Data.Repository`1.Orchard.Data.IRepository<T>.Get(Expression`1 predicate) 位置 e:\Orchard\Orchard改Oracle\src\Orchard\Data\Repository.cs:行号 60
   在 Orchard.Core.Settings.Descriptor.ShellDescriptorManager.GetDescriptorRecord() 位置 e:\Orchard\Orchard改Oracle\src\Orchard.Web\Core\Settings\Descriptor\ShellDescriptorManager.cs:行号 57
   在 Orchard.Core.Settings.Descriptor.ShellDescriptorManager.GetShellDescriptor() 位置 e:\Orchard\Orchard改Oracle\src\Orchard.Web\Core\Settings\Descriptor\ShellDescriptorManager.cs:行号 30
   在 Orchard.Environment.ShellBuilders.ShellContextFactory.CreateShellContext(ShellSettings settings) 位置 e:\Orchard\Orchard改Oracle\src\Orchard\Environment\ShellBuilders\ShellContextFactory.cs:行号 66
   在 Orchard.Environment.DefaultOrchardHost.CreateShellContext(ShellSettings settings) 位置 e:\Orchard\Orchard改Oracle\src\Orchard\Environment\DefaultOrchardHost.cs:行号 174
   在 Orchard.Environment.DefaultOrchardHost.CreateAndActivateShells() 位置 e:\Orchard\Orchard改Oracle\src\Orchard\Environment\DefaultOrchardHost.cs:行号 134
2013-02-23 17:43:41,751 [14] NHibernate.AdoNet.AbstractBatcher - Could not execute query: select shelldescr0_.Id as Id789_, shelldescr0_.SerialNumber as SerialNu2_789_ from SETTINGS_SHELLDESCRIPTORRECORD shelldescr0_ where shelldescr0_.Id is not null
System.Data.OracleClient.OracleException (0x80131938): ORA-00942: 表或视图不存在

   在 System.Data.OracleClient.OracleConnection.CheckError(OciErrorHandle errorHandle, Int32 rc)
   在 System.Data.OracleClient.OracleCommand.Execute(OciStatementHandle statementHandle, CommandBehavior behavior, Boolean needRowid, OciRowidDescriptor& rowidDescriptor, ArrayList& resultParameterOrdinals)
   在 System.Data.OracleClient.OracleCommand.Execute(OciStatementHandle statementHandle, CommandBehavior behavior, ArrayList& resultParameterOrdinals)
   在 System.Data.OracleClient.OracleCommand.ExecuteReader(CommandBehavior behavior)
   在 System.Data.OracleClient.OracleCommand.ExecuteDbDataReader(CommandBehavior behavior)
   在 System.Data.Common.DbCommand.System.Data.IDbCommand.ExecuteReader()
   在 NHibernate.AdoNet.AbstractBatcher.ExecuteReader(IDbCommand cmd)
2013-02-23 17:43:41,776 [14] NHibernate.Util.ADOExceptionReporter - System.Data.OracleClient.OracleException (0x80131938): ORA-00942: 表或视图不存在

   在 System.Data.OracleClient.OracleConnection.CheckError(OciErrorHandle errorHandle, Int32 rc)
   在 System.Data.OracleClient.OracleCommand.Execute(OciStatementHandle statementHandle, CommandBehavior behavior, Boolean needRowid, OciRowidDescriptor& rowidDescriptor, ArrayList& resultParameterOrdinals)
   在 System.Data.OracleClient.OracleCommand.Execute(OciStatementHandle statementHandle, CommandBehavior behavior, ArrayList& resultParameterOrdinals)
   在 System.Data.OracleClient.OracleCommand.ExecuteReader(CommandBehavior behavior)
   在 System.Data.OracleClient.OracleCommand.ExecuteDbDataReader(CommandBehavior behavior)
   在 System.Data.Common.DbCommand.System.Data.IDbCommand.ExecuteReader()
   在 NHibernate.AdoNet.AbstractBatcher.ExecuteReader(IDbCommand cmd)
   在 NHibernate.Loader.Loader.GetResultSet(IDbCommand st, Boolean autoDiscoverTypes, Boolean callable, RowSelection selection, ISessionImplementor session)
2013-02-23 17:43:41,777 [14] NHibernate.Util.ADOExceptionReporter - ORA-00942: 表或视图不存在

2013-02-23 17:43:41,803 [14] NHibernate.Util.ADOExceptionReporter - System.Data.OracleClient.OracleException (0x80131938): ORA-00942: 表或视图不存在

   在 System.Data.OracleClient.OracleConnection.CheckError(OciErrorHandle errorHandle, Int32 rc)
   在 System.Data.OracleClient.OracleCommand.Execute(OciStatementHandle statementHandle, CommandBehavior behavior, Boolean needRowid, OciRowidDescriptor& rowidDescriptor, ArrayList& resultParameterOrdinals)
   在 System.Data.OracleClient.OracleCommand.Execute(OciStatementHandle statementHandle, CommandBehavior behavior, ArrayList& resultParameterOrdinals)
   在 System.Data.OracleClient.OracleCommand.ExecuteReader(CommandBehavior behavior)
   在 System.Data.OracleClient.OracleCommand.ExecuteDbDataReader(CommandBehavior behavior)
   在 System.Data.Common.DbCommand.System.Data.IDbCommand.ExecuteReader()
   在 NHibernate.AdoNet.AbstractBatcher.ExecuteReader(IDbCommand cmd)
   在 NHibernate.Loader.Loader.GetResultSet(IDbCommand st, Boolean autoDiscoverTypes, Boolean callable, RowSelection selection, ISessionImplementor session)
   在 NHibernate.Loader.Loader.DoQuery(ISessionImplementor session, QueryParameters queryParameters, Boolean returnProxies)
   在 NHibernate.Loader.Loader.DoQueryAndInitializeNonLazyCollections(ISessionImplementor session, QueryParameters queryParameters, Boolean returnProxies)
   在 NHibernate.Loader.Loader.DoList(ISessionImplementor session, QueryParameters queryParameters)
2013-02-23 17:43:41,804 [14] NHibernate.Util.ADOExceptionReporter - ORA-00942: 表或视图不存在

2013-02-23 17:43:41,806 [14] NHibernate.Util.ADOExceptionReporter - System.Data.OracleClient.OracleException (0x80131938): ORA-00942: 表或视图不存在

   在 System.Data.OracleClient.OracleConnection.CheckError(OciErrorHandle errorHandle, Int32 rc)
   在 System.Data.OracleClient.OracleCommand.Execute(OciStatementHandle statementHandle, CommandBehavior behavior, Boolean needRowid, OciRowidDescriptor& rowidDescriptor, ArrayList& resultParameterOrdinals)
   在 System.Data.OracleClient.OracleCommand.Execute(OciStatementHandle statementHandle, CommandBehavior behavior, ArrayList& resultParameterOrdinals)
   在 System.Data.OracleClient.OracleCommand.ExecuteReader(CommandBehavior behavior)
   在 System.Data.OracleClient.OracleCommand.ExecuteDbDataReader(CommandBehavior behavior)
   在 System.Data.Common.DbCommand.System.Data.IDbCommand.ExecuteReader()
   在 NHibernate.AdoNet.AbstractBatcher.ExecuteReader(IDbCommand cmd)
   在 NHibernate.Loader.Loader.GetResultSet(IDbCommand st, Boolean autoDiscoverTypes, Boolean callable, RowSelection selection, ISessionImplementor session)
   在 NHibernate.Loader.Loader.DoQuery(ISessionImplementor session, QueryParameters queryParameters, Boolean returnProxies)
   在 NHibernate.Loader.Loader.DoQueryAndInitializeNonLazyCollections(ISessionImplementor session, QueryParameters queryParameters, Boolean returnProxies)
   在 NHibernate.Loader.Loader.DoList(ISessionImplementor session, QueryParameters queryParameters)
2013-02-23 17:43:41,807 [14] NHibernate.Util.ADOExceptionReporter - ORA-00942: 表或视图不存在

2013-02-23 17:43:41,858 [14] Orchard.Environment.DefaultOrchardHost - A tenant could not be started: Default
NHibernate.Exceptions.GenericADOException: could not execute query
[ select shelldescr0_.Id as Id789_, shelldescr0_.SerialNumber as SerialNu2_789_ from SETTINGS_SHELLDESCRIPTORRECORD shelldescr0_ where shelldescr0_.Id is not null ]
[SQL: select shelldescr0_.Id as Id789_, shelldescr0_.SerialNumber as SerialNu2_789_ from SETTINGS_SHELLDESCRIPTORRECORD shelldescr0_ where shelldescr0_.Id is not null] ---> System.Data.OracleClient.OracleException: ORA-00942: 表或视图不存在

   在 System.Data.OracleClient.OracleConnection.CheckError(OciErrorHandle errorHandle, Int32 rc)
   在 System.Data.OracleClient.OracleCommand.Execute(OciStatementHandle statementHandle, CommandBehavior behavior, Boolean needRowid, OciRowidDescriptor& rowidDescriptor, ArrayList& resultParameterOrdinals)
   在 System.Data.OracleClient.OracleCommand.Execute(OciStatementHandle statementHandle, CommandBehavior behavior, ArrayList& resultParameterOrdinals)
   在 System.Data.OracleClient.OracleCommand.ExecuteReader(CommandBehavior behavior)
   在 System.Data.OracleClient.OracleCommand.ExecuteDbDataReader(CommandBehavior behavior)
   在 System.Data.Common.DbCommand.System.Data.IDbCommand.ExecuteReader()
   在 NHibernate.AdoNet.AbstractBatcher.ExecuteReader(IDbCommand cmd)
   在 NHibernate.Loader.Loader.GetResultSet(IDbCommand st, Boolean autoDiscoverTypes, Boolean callable, RowSelection selection, ISessionImplementor session)
   在 NHibernate.Loader.Loader.DoQuery(ISessionImplementor session, QueryParameters queryParameters, Boolean returnProxies)
   在 NHibernate.Loader.Loader.DoQueryAndInitializeNonLazyCollections(ISessionImplementor session, QueryParameters queryParameters, Boolean returnProxies)
   在 NHibernate.Loader.Loader.DoList(ISessionImplementor session, QueryParameters queryParameters)
   --- 内部异常堆栈跟踪的结尾 ---
   在 NHibernate.Loader.Loader.DoList(ISessionImplementor session, QueryParameters queryParameters)
   在 NHibernate.Loader.Loader.ListIgnoreQueryCache(ISessionImplementor session, QueryParameters queryParameters)
   在 NHibernate.Loader.Loader.List(ISessionImplementor session, QueryParameters queryParameters, ISet`1 querySpaces, IType[] resultTypes)
   在 NHibernate.Hql.Ast.ANTLR.Loader.QueryLoader.List(ISessionImplementor session, QueryParameters queryParameters)
   在 NHibernate.Hql.Ast.ANTLR.QueryTranslatorImpl.List(ISessionImplementor session, QueryParameters queryParameters)
   在 NHibernate.Engine.Query.HQLQueryPlan.PerformList(QueryParameters queryParameters, ISessionImplementor session, IList results)
   在 NHibernate.Impl.SessionImpl.List(IQueryExpression queryExpression, QueryParameters queryParameters, IList results)
   在 NHibernate.Impl.AbstractSessionImpl.List(IQueryExpression queryExpression, QueryParameters parameters)
   在 NHibernate.Impl.ExpressionQueryImpl.List()
   在 NHibernate.Linq.DefaultQueryProvider.ExecuteQuery(NhLinqExpression nhLinqExpression, IQuery query, NhLinqExpression nhQuery)
   在 NHibernate.Linq.DefaultQueryProvider.Execute(Expression expression)
   在 NHibernate.Linq.DefaultQueryProvider.Execute[TResult](Expression expression)
   在 System.Linq.Queryable.SingleOrDefault[TSource](IQueryable`1 source)
   在 Orchard.Data.Repository`1.Get(Expression`1 predicate) 位置 e:\Orchard\Orchard改Oracle\src\Orchard\Data\Repository.cs:行号 91
   在 Orchard.Data.Repository`1.Orchard.Data.IRepository<T>.Get(Expression`1 predicate) 位置 e:\Orchard\Orchard改Oracle\src\Orchard\Data\Repository.cs:行号 60
   在 Orchard.Core.Settings.Descriptor.ShellDescriptorManager.GetDescriptorRecord() 位置 e:\Orchard\Orchard改Oracle\src\Orchard.Web\Core\Settings\Descriptor\ShellDescriptorManager.cs:行号 57
   在 Orchard.Core.Settings.Descriptor.ShellDescriptorManager.GetShellDescriptor() 位置 e:\Orchard\Orchard改Oracle\src\Orchard.Web\Core\Settings\Descriptor\ShellDescriptorManager.cs:行号 30
   在 Orchard.Environment.ShellBuilders.ShellContextFactory.CreateShellContext(ShellSettings settings) 位置 e:\Orchard\Orchard改Oracle\src\Orchard\Environment\ShellBuilders\ShellContextFactory.cs:行号 66
   在 Orchard.Environment.DefaultOrchardHost.CreateShellContext(ShellSettings settings) 位置 e:\Orchard\Orchard改Oracle\src\Orchard\Environment\DefaultOrchardHost.cs:行号 174
   在 Orchard.Environment.DefaultOrchardHost.CreateAndActivateShells() 位置 e:\Orchard\Orchard改Oracle\src\Orchard\Environment\DefaultOrchardHost.cs:行号 134
2013-02-23 17:46:01,357 [15] Orchard.FileSystems.AppData.AppDataFolder - Could not delete recipe execution folder E:\Orchard\Orchard改Oracle\src\Orchard.Web\App_Data\RecipeQueue\50e5fbb161a94156a31c11351be771bb under "App_Data" folder
